<?xml version="1.0" encoding="UTF-8"?>
<!-- Generated by org.testng.reporters.JUnitXMLReporter -->
<testsuite hostname="DESKTOP-RAQ8MQI" ignored="4" tests="0" failures="0" timestamp="27 Oct 2019 21:10:42 GMT" time="0.005" errors="0">
  <testcase name="validateSignin" time="0.0" classname="homepageTests.SigninTest">
    <ignored/>
  </testcase> <!-- validateSignin -->
  <testcase name="@AfterSuite generateReport" time="0.0" classname="base.CommonAPI">
    <ignored/>
  </testcase> <!-- @AfterSuite generateReport -->
  <testcase name="@BeforeSuite extentSetup" time="0.0" classname="base.CommonAPI">
    <ignored/>
  </testcase> <!-- @BeforeSuite extentSetup -->
  <testcase name="validateSearchButtonWorks" time="0.0" classname="homepageTests.SearchTest">
    <ignored/>
  </testcase> <!-- validateSearchButtonWorks -->
</testsuite>
