<?xml version="1.0" encoding="UTF-8"?>
<testng-results skipped="0" failed="0" ignored="7" total="7" passed="0">
  <reporter-output>
    <line>
      <![CDATA[Extent Report DirectoryC:\Users\sharm\IdeaProjects\BootCampLabFrameworkOctober2019\Amazon\target\surefire-reports\html]]>
    </line>
  </reporter-output>
  <suite name="Command line suite" duration-ms="4" started-at="2019-10-27T21:10:40Z" finished-at="2019-10-27T21:10:40Z">
    <groups>
    </groups>
    <test name="Command line test" duration-ms="4" started-at="2019-10-27T21:10:40Z" finished-at="2019-10-27T21:10:40Z">
      <class name="homepagetests.HomePagePOMTest">
        <test-method status="PASS" signature="extentSetup(org.testng.ITestContext)[pri:0, instance:homepagetests.HomePagePOMTest@60addb54]" name="extentSetup" is-config="true" duration-ms="150" started-at="2019-10-27T21:10:39Z" finished-at="2019-10-27T21:10:40Z">
          <params>
            <param index="0">
              <value>
                <![CDATA[org.testng.TestRunner@23f7d05d]]>
              </value>
            </param>
          </params>
          <reporter-output>
            <line>
              <![CDATA[Extent Report DirectoryC:\Users\sharm\IdeaProjects\BootCampLabFrameworkOctober2019\Amazon\target\surefire-reports\html]]>
            </line>
          </reporter-output>
        </test-method> <!-- extentSetup -->
        <test-method status="PASS" signature="generateReport()[pri:0, instance:homepagetests.HomePagePOMTest@60addb54]" name="generateReport" is-config="true" duration-ms="240" started-at="2019-10-27T21:10:40Z" finished-at="2019-10-27T21:10:40Z">
          <reporter-output>
          </reporter-output>
        </test-method> <!-- generateReport -->
      </class> <!-- homepagetests.HomePagePOMTest -->
    </test> <!-- Command line test -->
  </suite> <!-- Command line suite -->
</testng-results>
