<?xml version="1.0" encoding="UTF-8"?>
<testng-results skipped="0" failed="0" ignored="4" total="4" passed="0">
  <reporter-output>
    <line>
      <![CDATA[Extent Report DirectoryC:\Users\sharm\IdeaProjects\BootCampLabFrameworkOctober2019\Cigna\target\surefire-reports\html]]>
    </line>
  </reporter-output>
  <suite name="Command line suite" duration-ms="3" started-at="2019-10-27T21:10:41Z" finished-at="2019-10-27T21:10:41Z">
    <groups>
    </groups>
    <test name="Command line test" duration-ms="3" started-at="2019-10-27T21:10:41Z" finished-at="2019-10-27T21:10:41Z">
      <class name="homePageTests.CignaPOMTest">
        <test-method status="PASS" signature="extentSetup(org.testng.ITestContext)[pri:0, instance:homePageTests.CignaPOMTest@1e67b872]" name="extentSetup" is-config="true" duration-ms="117" started-at="2019-10-27T21:10:41Z" finished-at="2019-10-27T21:10:41Z">
          <params>
            <param index="0">
              <value>
                <![CDATA[org.testng.TestRunner@16e7dcfd]]>
              </value>
            </param>
          </params>
          <reporter-output>
            <line>
              <![CDATA[Extent Report DirectoryC:\Users\sharm\IdeaProjects\BootCampLabFrameworkOctober2019\Cigna\target\surefire-reports\html]]>
            </line>
          </reporter-output>
        </test-method> <!-- extentSetup -->
        <test-method status="PASS" signature="generateReport()[pri:0, instance:homePageTests.CignaPOMTest@1e67b872]" name="generateReport" is-config="true" duration-ms="174" started-at="2019-10-27T21:10:41Z" finished-at="2019-10-27T21:10:41Z">
          <reporter-output>
          </reporter-output>
        </test-method> <!-- generateReport -->
      </class> <!-- homePageTests.CignaPOMTest -->
    </test> <!-- Command line test -->
  </suite> <!-- Command line suite -->
</testng-results>
