<?xml version="1.0" encoding="UTF-8"?>
<testng-results skipped="0" failed="0" ignored="4" total="4" passed="0">
  <reporter-output>
    <line>
      <![CDATA[Extent Report DirectoryC:\Users\sharm\IdeaProjects\BootCampLabFrameworkOctober2019\CityBank\target\surefire-reports\html]]>
    </line>
  </reporter-output>
  <suite name="Command line suite" duration-ms="4" started-at="2019-10-27T16:21:25Z" finished-at="2019-10-27T16:21:25Z">
    <groups>
    </groups>
    <test name="Command line test" duration-ms="4" started-at="2019-10-27T16:21:25Z" finished-at="2019-10-27T16:21:25Z">
      <class name="homepageTests.SearchTest">
        <test-method status="PASS" signature="extentSetup(org.testng.ITestContext)[pri:0, instance:homepageTests.SearchTest@5315b42e]" name="extentSetup" is-config="true" duration-ms="127" started-at="2019-10-27T16:21:25Z" finished-at="2019-10-27T16:21:25Z">
          <params>
            <param index="0">
              <value>
                <![CDATA[org.testng.TestRunner@3c72f59f]]>
              </value>
            </param>
          </params>
          <reporter-output>
            <line>
              <![CDATA[Extent Report DirectoryC:\Users\sharm\IdeaProjects\BootCampLabFrameworkOctober2019\CityBank\target\surefire-reports\html]]>
            </line>
          </reporter-output>
        </test-method> <!-- extentSetup -->
        <test-method status="PASS" signature="generateReport()[pri:0, instance:homepageTests.SearchTest@5315b42e]" name="generateReport" is-config="true" duration-ms="167" started-at="2019-10-27T16:21:25Z" finished-at="2019-10-27T16:21:25Z">
          <reporter-output>
          </reporter-output>
        </test-method> <!-- generateReport -->
      </class> <!-- homepageTests.SearchTest -->
    </test> <!-- Command line test -->
  </suite> <!-- Command line suite -->
</testng-results>
