<?xml version="1.0" encoding="UTF-8"?>
<!-- Generated by org.testng.reporters.JUnitXMLReporter -->
<testsuite hostname="DESKTOP-RAQ8MQI" ignored="7" tests="0" failures="0" timestamp="27 Oct 2019 16:21:22 GMT" time="0.004" errors="0">
  <testcase name="validateSignOut" time="0.0" classname="homepagetests.SignOutTest">
    <ignored/>
  </testcase> <!-- validateSignOut -->
  <testcase name="testWholeFoods" time="0.0" classname="homepagetests.HomePagePOMTest">
    <ignored/>
  </testcase> <!-- testWholeFoods -->
  <testcase name="validateLoginWorks" time="0.0" classname="homepagetests.LoginTest">
    <ignored/>
  </testcase> <!-- validateLoginWorks -->
  <testcase name="@AfterSuite generateReport" time="0.0" classname="base.CommonAPI">
    <ignored/>
  </testcase> <!-- @AfterSuite generateReport -->
  <testcase name="@AfterSuite generateReport" time="0.0" classname="base.CommonAPI">
    <ignored/>
  </testcase> <!-- @AfterSuite generateReport -->
  <testcase name="@BeforeSuite extentSetup" time="0.0" classname="base.CommonAPI">
    <ignored/>
  </testcase> <!-- @BeforeSuite extentSetup -->
  <testcase name="@BeforeSuite extentSetup" time="0.0" classname="base.CommonAPI">
    <ignored/>
  </testcase> <!-- @BeforeSuite extentSetup -->
</testsuite>
