<?xml version="1.0" encoding="UTF-8"?>
<!-- Generated by org.testng.reporters.JUnitXMLReporter -->
<testsuite hostname="DESKTOP-RAQ8MQI" ignored="4" tests="0" failures="0" timestamp="27 Oct 2019 16:21:24 GMT" time="0.003" errors="0">
  <testcase name="testContactUs" time="0.0" classname="homePageTests.CignaPOMTest">
    <ignored/>
  </testcase> <!-- testContactUs -->
  <testcase name="@AfterSuite generateReport" time="0.0" classname="base.CommonAPI">
    <ignored/>
  </testcase> <!-- @AfterSuite generateReport -->
  <testcase name="@BeforeSuite extentSetup" time="0.0" classname="base.CommonAPI">
    <ignored/>
  </testcase> <!-- @BeforeSuite extentSetup -->
  <testcase name="validateLoginWorks" time="0.0" classname="homePageTests.LoginTest">
    <ignored/>
  </testcase> <!-- validateLoginWorks -->
</testsuite>
